[ 2016-09-18T15:22:40+08:00 ] 127.0.0.1 /~liudeshan/Dashboard/src/index.php/admin
INFO: [ app_init ] --START--
INFO: Run Behavior\BuildLiteBehavior [ RunTime:0.000016s ]
INFO: [ app_init ] --END-- [ RunTime:0.000244s ]
ERR: 无法加载模块:Admin

[ 2016-09-18T15:34:47+08:00 ] 127.0.0.1 /~liudeshan/Dashboard/src/index.php/dist/img/user3-128x128.jpg
INFO: [ app_init ] --START--
INFO: Run Behavior\BuildLiteBehavior [ RunTime:0.000029s ]
INFO: [ app_init ] --END-- [ RunTime:0.000391s ]
ERR: 无法加载模块:Dist

[ 2016-09-18T15:34:47+08:00 ] 127.0.0.1 /~liudeshan/Dashboard/src/index.php/dist/img/user4-128x128.jpg
INFO: [ app_init ] --START--
INFO: Run Behavior\BuildLiteBehavior [ RunTime:0.000027s ]
INFO: [ app_init ] --END-- [ RunTime:0.001034s ]
ERR: 无法加载模块:Dist

[ 2016-09-18T15:34:52+08:00 ] 127.0.0.1 /~liudeshan/Dashboard/src/index.php/dist/img/user4-128x128.jpg
INFO: [ app_init ] --START--
INFO: Run Behavior\BuildLiteBehavior [ RunTime:0.000029s ]
INFO: [ app_init ] --END-- [ RunTime:0.000439s ]
ERR: 无法加载模块:Dist

[ 2016-09-18T15:34:52+08:00 ] 127.0.0.1 /~liudeshan/Dashboard/src/index.php/dist/img/user3-128x128.jpg
INFO: [ app_init ] --START--
INFO: Run Behavior\BuildLiteBehavior [ RunTime:0.000037s ]
INFO: [ app_init ] --END-- [ RunTime:0.010948s ]
ERR: 无法加载模块:Dist

[ 2016-09-18T15:34:58+08:00 ] 127.0.0.1 /~liudeshan/Dashboard/src/index.php/dist/img/user4-128x128.jpg
INFO: [ app_init ] --START--
INFO: Run Behavior\BuildLiteBehavior [ RunTime:0.000029s ]
INFO: [ app_init ] --END-- [ RunTime:0.000436s ]
ERR: 无法加载模块:Dist

[ 2016-09-18T15:34:58+08:00 ] 127.0.0.1 /~liudeshan/Dashboard/src/index.php/dist/img/user3-128x128.jpg
INFO: [ app_init ] --START--
INFO: Run Behavior\BuildLiteBehavior [ RunTime:0.000028s ]
INFO: [ app_init ] --END-- [ RunTime:0.000391s ]
ERR: 无法加载模块:Dist

